mode: set
github.com/jialequ/linux-sdk/sort/sort.go:4.28,6.25 2 0
github.com/jialequ/linux-sdk/sort/sort.go:6.25,7.30 1 0
github.com/jialequ/linux-sdk/sort/sort.go:7.30,8.25 1 0
github.com/jialequ/linux-sdk/sort/sort.go:8.25,10.5 1 0
github.com/jialequ/linux-sdk/sort/sort.go:15.42,16.16 1 1
github.com/jialequ/linux-sdk/sort/sort.go:16.16,20.3 3 1
github.com/jialequ/linux-sdk/sort/sort.go:23.46,26.30 3 1
github.com/jialequ/linux-sdk/sort/sort.go:26.30,27.21 1 1
github.com/jialequ/linux-sdk/sort/sort.go:27.21,30.4 2 1
github.com/jialequ/linux-sdk/sort/sort.go:32.2,33.14 2 1
github.com/jialequ/linux-sdk/sort/sort.go:36.33,37.19 1 1
github.com/jialequ/linux-sdk/sort/sort.go:37.19,39.3 1 1
github.com/jialequ/linux-sdk/sort/sort.go:40.2,43.27 4 1
github.com/jialequ/linux-sdk/sort/sort.go:46.37,49.38 3 1
github.com/jialequ/linux-sdk/sort/sort.go:49.38,50.25 1 1
github.com/jialequ/linux-sdk/sort/sort.go:50.25,53.4 2 1
github.com/jialequ/linux-sdk/sort/sort.go:53.9,56.4 2 1
github.com/jialequ/linux-sdk/sort/sort.go:58.2,60.15 3 1
